765
296 7506
425 7227
448 7179
551 6495
556 6074
777 6027
1028 5620
1290 5614
1459 1724
1587 1634
1942 5589
1949 3794
2024 2235
2657 3768
2819 3257
2992 3206
3320 3365
3450 3583
3679 3765
3833 5580
3988 5466
4078 5341
4295 5297
4353 5292
4830 5278
6113 6408
6294 6385
6556 7153
6559 6583
7531 170614
7710 170576
7822 170539
7939 170447
7953 169352
8030 169315
8190 169314
8294 8307
8340 67958
8410 67661
8418 67617
8434 67431
8497 67344
8677 8825
8687 8739
9003 9319
9020 9177
9340 67340
9423 67268
9841 9845
9858 67210
9879 67192
9895 65294
9896 65285
9968 10132
10250 10305
10355 65275
10527 10627
10656 65131
10669 65026
10768 33547
10920 11126
10992 11033
11106 11124
11135 33290
11215 33002
11425 32954
11463 32757
11471 32562
11524 12051
11663 11855
12182 32486
12268 26454
12420 26438
12424 26421
12638 12913
12923 26373
13118 13139
13250 17042
13333 13561
13598 16060
13618 15376
13865 15241
13889 14061
14084 15222
14368 14525
14579 15184
15020 15149
15641 15983
16149 17005
16274 16760
16332 16689
17101 25997
17125 25911
17304 25907
17436 25827
17742 24946
17825 18041
18170 24837
18299 24760
18520 24715
18729 24639
18767 24304
18770 20324
18842 19371
18951 19351
19484 20188
19837 19891
19985 20170
20097 20115
20366 23874
20561 20632
20689 23805
21071 23793
21252 22848
21518 22572
21625 22400
21649 21905
21967 22069
22107 22289
22185 22240
22674 22790
22983 23789
23029 23207
23246 23742
23371 23438
23882 24103
23892 23933
24969 25800
25279 25616
26079 26259
26503 31475
26539 31454
26564 26660
26816 31450
26917 31292
27241 31184
27248 30966
27372 30736
27483 29988
27692 29437
27972 28598
28299 28475
28509 28583
28621 28644
28648 29410
28688 29345
28857 29310
29477 29692
30011 30634
30175 30540
30296 30446
30757 30837
30970 31157
31309 31347
31376 31425
31632 32304
31679 32052
32778 32889
33038 33239
33399 33415
33655 64896
33749 64890
33868 34812
33901 34122
34219 34656
34477 34646
34657 34785
34866 35777
35005 35230
35515 35628
35814 64841
35822 54368
35827 51096
35897 51086
35933 49450
36041 36412
36064 36318
36593 49395
36708 49391
36946 49217
36987 49154
37070 39882
37343 39871
37406 39626
37641 38408
37680 37875
37885 38071
38083 38225
38669 38744
38781 39592
38918 39377
39029 39188
39441 39515
39953 39996
40018 49015
40228 49006
40282 48882
40429 48653
40495 41398
40526 41352
40761 41337
40844 40884
40917 41278
40946 41229
41416 47623
41587 47518
41635 47476
41661 47450
41683 42303
41691 42242
41979 42007
42090 42196
42529 43115
42814 43003
43217 47362
43281 43584
43380 43558
43728 45495
43968 45286
44086 45189
44240 44666
44398 44586
44733 45158
45633 47257
45760 46995
45762 45940
46055 46793
46100 46174
46196 46625
47657 48462
47709 48421
47876 48420
47902 48144
49723 50996
49743 50851
49746 50326
49787 50274
50141 50238
50456 50567
51106 54290
51120 54281
51185 54057
51269 51322
51359 51382
51459 53577
51529 53546
51553 52201
51567 52110
51877 52095
52384 52411
52416 53423
52728 53373
53134 53183
53611 53983
54199 54235
54494 64818
54539 64788
54618 54631
54655 54728
54779 64779
54819 64030
54913 64023
55015 55638
55070 55573
55768 57008
55938 56990
55963 56947
56222 56355
56441 56827
57079 63917
57099 60520
57127 57296
57446 60438
57475 60384
57589 59355
57670 59300
58042 59045
58102 58958
58195 58903
58241 58325
58509 58809
59494 60308
59751 60216
59843 60142
60530 63842
60639 63097
60727 62989
60746 60972
61088 62491
61153 62308
61408 62111
61511 61978
61576 61732
62509 62651
62778 62906
63135 63806
63435 63782
64367 64471
64533 64653
64904 64930
65054 65084
65341 65614
65385 65611
65626 66759
65703 66758
65714 66744
66459 66586
68058 169173
68173 68430
68594 169164
68731 159247
68753 159153
68916 158896
69150 158644
69155 158577
69283 158493
69379 75198
69420 75059
69425 74956
69570 74431
69646 74417
69724 69790
69792 74013
69867 73876
70026 70103
70316 73806
70661 73741
70714 73727
70967 72889
71419 72077
71436 71850
71443 71808
72108 72738
72307 72662
72388 72553
72995 73698
73114 73235
73288 73643
74127 74403
74475 74936
74781 74818
75415 75589
75653 77336
75664 77109
75676 75970
76344 77057
77127 77273
77350 158480
77613 158440
77626 158375
77833 158175
78069 158093
78071 79020
78252 78428
78431 79012
78560 78864
79101 157757
79290 157621
79386 156981
79507 156966
79595 156156
79790 156115
79962 80051
80403 155819
80478 155798
80583 80956
80718 80725
80959 155744
81227 155632
81263 155530
81380 155353
81438 155283
81525 81836
81855 155232
81859 142899
82065 142779
82132 142445
82335 142425
82339 82404
82589 142401
82659 82994
83135 142359
83330 141855
83335 141350
83425 141269
83605 140993
83815 140952
84008 130195
84344 130078
84351 129544
84617 129357
84640 129239
84642 129055
84722 129040
84819 129018
85285 128948
85312 128750
85328 85437
85459 128731
85517 85779
85999 128602
86032 128552
86093 128309
86473 86771
86519 86529
86941 128283
87042 128213
87131 87246
87471 95080
87514 95019
87535 95009
87543 95004
87576 94779
87742 94638
87812 94509
87984 94471
88122 88934
88492 88918
88763 88906
89189 89286
89311 90409
89729 90288
90115 90224
90530 94398
90548 90609
90739 94396
90809 94266
91006 94135
91015 94030
91175 91199
91222 91234
91368 93334
91551 91645
91737 93205
91761 93014
91816 92012
92565 92925
93411 93684
95127 96812
95135 95506
95520 96729
95584 96056
96195 96435
96817 128098
96867 104159
96875 98604
97098 98472
97249 98250
97276 98183
97324 98163
97533 97658
98053 98084
98959 104151
99095 103535
99187 103474
99341 103046
99354 99421
99703 103022
99985 102816
100002 100861
100200 100555
100565 100784
100894 102311
101024 101026
101036 102240
101085 102180
101366 102141
101376 101565
102360 102787
102362 102711
102508 102699
103598 103824
103621 103806
104177 128094
104234 126976
104534 126938
104602 126884
104846 126676
104950 126626
105047 126413
105083 126374
105334 105425
105432 126109
105473 126044
105541 125907
105551 105635
105637 125842
105815 125387
105887 125143
105985 124999
106149 124983
106565 124839
106656 115415
106973 115296
106995 114321
107007 113800
107125 113776
107278 112857
107366 109937
107460 109883
107546 107727
107749 108235
108260 109505
108384 109025
108453 108645
109192 109449
109619 109859
109978 112787
109983 110639
110195 110613
110678 112333
110727 112027
110729 111990
110975 111772
111130 111651
111214 111464
111542 111580
112244 112287
112343 112483
112495 112703
112923 113720
113005 113014
113177 113671
113182 113269
113430 113597
113880 114303
113963 114214
114043 114085
114418 115198
114736 115192
115455 123995
115457 116043
115464 115955
115623 115830
115696 115801
116116 123655
116163 123651
116167 118636
116185 118583
116420 118519
116678 117701
116732 116771
116849 117613
116854 117508
117017 117267
117718 118507
117917 118452
118197 118437
118842 119950
118854 118913
119176 119904
119230 119692
119330 119518
119581 119583
119743 119845
119977 123650
120004 123552
120071 123376
120312 123272
120316 121506
120327 121503
120506 120519
120606 120839
120994 121052
121094 121110
121706 123123
121812 121951
122025 122961
122278 122905
122548 122750
123335 123351
124173 124832
124366 124791
124403 124565
125333 125364
125472 125643
127031 127503
127039 127459
127212 127295
127685 127807
129368 129443
129804 129984
129928 129973
130208 140898
130217 140701
130300 139864
130410 138648
130468 131137
130661 130874
130760 130814
131167 138646
131234 134838
131262 134752
131274 134399
131282 131483
131550 133535
131590 133523
131615 131951
131984 132828
131998 132738
132323 132688
132860 133442
132869 133335
133374 133431
133565 134332
133717 134121
134131 134222
134520 134661
134877 138598
134907 138398
135281 138288
135351 138026
135431 136754
135437 136599
135579 136258
135730 136176
135809 136058
135813 136036
136071 136120
136813 138007
136823 137899
137023 137088
137786 137806
138871 139822
139001 139788
139163 139485
140168 140467
140352 140452
141411 141744
141892 142358
142499 142569
142674 142740
143124 155229
143150 155182
143185 154896
143360 143719
143755 154814
143875 154640
143881 154550
143942 154457
144099 154389
144260 154200
144315 144852
144335 144745
144932 154115
145112 153928
145203 153924
145373 145530
145679 153626
145730 146062
146089 153585
146417 153461
146485 147726
146806 147231
147122 147130
147317 147724
147788 153448
147819 153342
147837 153101
147917 152757
147986 152717
148018 152602
148027 151600
148244 151094
148404 150956
148435 150481
148543 149872
148638 148660
148804 149493
148893 149171
149521 149716
149882 150419
151119 151320
151751 152101
151902 151998
152140 152578
152260 152464
153670 153754
155879 155970
156135 156151
156521 156837
157021 157606
157279 157579
157291 157330
157544 157562
157874 157943
159491 159616
159739 169117
159787 169078
159886 168917
159894 168910
159944 168234
159967 168142
160089 167998
160112 160860
160124 160784
160141 160209
160876 166223
161006 165973
161181 165887
161248 161439
161505 161695
161743 165858
161810 163416
161969 163206
161994 162343
162028 162038
162351 163185
162570 162905
163625 165826
163723 165773
163738 165089
163846 164373
163900 164155
164454 164726
164476 164604
165389 165545
165975 165989
166333 167974
166522 167969
166599 166770
166832 167819
167068 167528
169518 170398
169531 170388
169835 170364
170622 170778
170863 179984
170953 179946
170981 171072
171104 171328
171376 171611
171701 172174
171995 172169
172282 179933
172494 179606
172520 179598
172575 173299
172660 172966
173051 173258
173313 179361
173349 175528
173471 175397
173512 173874
173546 173784
173912 174279
174734 174805
174840 175261
175498 175508
175560 179128
175569 178986
175616 178528
175732 178523
175965 176683
176147 176661
176521 176602
176697 178176
176763 177430
176820 177381
177577 177722
177748 177912
178600 178909
179167 179297
179373 179594
179706 179930
